==============================================================================
Tasks :: Orders robots from RobotSpareBin Industries Inc. Saves the order H...
==============================================================================
Order robots from RobotSpareBin Industries Inc                        Cleaning up content from previous test runs
Getting Secret from our Vault
Rohit Talekar wrote this program for you
Capturing Screenshot to d:\Robocorp\Certification_level_2_Robocorp\order-processing-robot\image_files\RSB-ROBO-ORDER-VILDV0F9FL.png
Printing RSB-ROBO-ORDER-VILDV0F9FL
Printing Embedding image d:\Robocorp\Certification_level_2_Robocorp\order-processing-robot\image_files\RSB-ROBO-ORDER-VILDV0F9FL.png in pdf file d:\Robocorp\Certification_level_2_Robocorp\order-processing-robot\pdf_files\RSB-ROBO-ORDER-VILDV0F9FL.pdf
Capturing Screenshot to d:\Robocorp\Certification_level_2_Robocorp\order-processing-robot\image_files\RSB-ROBO-ORDER-MEMU0UV0BG.png
Printing RSB-ROBO-ORDER-MEMU0UV0BG
Printing Embedding image d:\Robocorp\Certification_level_2_Robocorp\order-processing-robot\image_files\RSB-ROBO-ORDER-MEMU0UV0BG.png in pdf file d:\Robocorp\Certification_level_2_Robocorp\order-processing-robot\pdf_files\RSB-ROBO-ORDER-MEMU0UV0BG.pdf
Capturing Screenshot to d:\Robocorp\Certification_level_2_Robocorp\order-processing-robot\image_files\RSB-ROBO-ORDER-9J4W0AQEE.png
Printing RSB-ROBO-ORDER-9J4W0AQEE
Printing Embedding image d:\Robocorp\Certification_level_2_Robocorp\order-processing-robot\image_files\RSB-ROBO-ORDER-9J4W0AQEE.png in pdf file d:\Robocorp\Certification_level_2_Robocorp\order-processing-robot\pdf_files\RSB-ROBO-ORDER-9J4W0AQEE.pdf
Capturing Screenshot to d:\Robocorp\Certification_level_2_Robocorp\order-processing-robot\image_files\RSB-ROBO-ORDER-HN8BP4RR1O.png
Printing RSB-ROBO-ORDER-HN8BP4RR1O
Printing Embedding image d:\Robocorp\Certification_level_2_Robocorp\order-processing-robot\image_files\RSB-ROBO-ORDER-HN8BP4RR1O.png in pdf file d:\Robocorp\Certification_level_2_Robocorp\order-processing-robot\pdf_files\RSB-ROBO-ORDER-HN8BP4RR1O.pdf
Capturing Screenshot to d:\Robocorp\Certification_level_2_Robocorp\order-processing-robot\image_files\RSB-ROBO-ORDER-ZABO811R2F.png
Printing RSB-ROBO-ORDER-ZABO811R2F
Printing Embedding image d:\Robocorp\Certification_level_2_Robocorp\order-processing-robot\image_files\RSB-ROBO-ORDER-ZABO811R2F.png in pdf file d:\Robocorp\Certification_level_2_Robocorp\order-processing-robot\pdf_files\RSB-ROBO-ORDER-ZABO811R2F.pdf
Capturing Screenshot to d:\Robocorp\Certification_level_2_Robocorp\order-processing-robot\image_files\RSB-ROBO-ORDER-QZCSJ41OYO.png
Printing RSB-ROBO-ORDER-QZCSJ41OYO
Printing Embedding image d:\Robocorp\Certification_level_2_Robocorp\order-processing-robot\image_files\RSB-ROBO-ORDER-QZCSJ41OYO.png in pdf file d:\Robocorp\Certification_level_2_Robocorp\order-processing-robot\pdf_files\RSB-ROBO-ORDER-QZCSJ41OYO.pdf
Capturing Screenshot to d:\Robocorp\Certification_level_2_Robocorp\order-processing-robot\image_files\RSB-ROBO-ORDER-LEFCKAJ5FN.png
Printing RSB-ROBO-ORDER-LEFCKAJ5FN
Printing Embedding image d:\Robocorp\Certification_level_2_Robocorp\order-processing-robot\image_files\RSB-ROBO-ORDER-LEFCKAJ5FN.png in pdf file d:\Robocorp\Certification_level_2_Robocorp\order-processing-robot\pdf_files\RSB-ROBO-ORDER-LEFCKAJ5FN.pdf
Capturing Screenshot to d:\Robocorp\Certification_level_2_Robocorp\order-processing-robot\image_files\RSB-ROBO-ORDER-T8IZWXOAA.png
Printing RSB-ROBO-ORDER-T8IZWXOAA
Printing Embedding image d:\Robocorp\Certification_level_2_Robocorp\order-processing-robot\image_files\RSB-ROBO-ORDER-T8IZWXOAA.png in pdf file d:\Robocorp\Certification_level_2_Robocorp\order-processing-robot\pdf_files\RSB-ROBO-ORDER-T8IZWXOAA.pdf
Capturing Screenshot to d:\Robocorp\Certification_level_2_Robocorp\order-processing-robot\image_files\RSB-ROBO-ORDER-PO04OGWBPE.png
Printing RSB-ROBO-ORDER-PO04OGWBPE
Printing Embedding image d:\Robocorp\Certification_level_2_Robocorp\order-processing-robot\image_files\RSB-ROBO-ORDER-PO04OGWBPE.png in pdf file d:\Robocorp\Certification_level_2_Robocorp\order-processing-robot\pdf_files\RSB-ROBO-ORDER-PO04OGWBPE.pdf
Capturing Screenshot to d:\Robocorp\Certification_level_2_Robocorp\order-processing-robot\image_files\RSB-ROBO-ORDER-MSDC5LZNXM.png
Printing RSB-ROBO-ORDER-MSDC5LZNXM
Printing Embedding image d:\Robocorp\Certification_level_2_Robocorp\order-processing-robot\image_files\RSB-ROBO-ORDER-MSDC5LZNXM.png in pdf file d:\Robocorp\Certification_level_2_Robocorp\order-processing-robot\pdf_files\RSB-ROBO-ORDER-MSDC5LZNXM.pdf
Capturing Screenshot to d:\Robocorp\Certification_level_2_Robocorp\order-processing-robot\image_files\RSB-ROBO-ORDER-8V8BVP5DZ.png
Printing RSB-ROBO-ORDER-8V8BVP5DZ
Printing Embedding image d:\Robocorp\Certification_level_2_Robocorp\order-processing-robot\image_files\RSB-ROBO-ORDER-8V8BVP5DZ.png in pdf file d:\Robocorp\Certification_level_2_Robocorp\order-processing-robot\pdf_files\RSB-ROBO-ORDER-8V8BVP5DZ.pdf
Capturing Screenshot to d:\Robocorp\Certification_level_2_Robocorp\order-processing-robot\image_files\RSB-ROBO-ORDER-UMFHM4V2E6.png
Printing RSB-ROBO-ORDER-UMFHM4V2E6
Printing Embedding image d:\Robocorp\Certification_level_2_Robocorp\order-processing-robot\image_files\RSB-ROBO-ORDER-UMFHM4V2E6.png in pdf file d:\Robocorp\Certification_level_2_Robocorp\order-processing-robot\pdf_files\RSB-ROBO-ORDER-UMFHM4V2E6.pdf
Capturing Screenshot to d:\Robocorp\Certification_level_2_Robocorp\order-processing-robot\image_files\RSB-ROBO-ORDER-HTM89NBU9.png
Printing RSB-ROBO-ORDER-HTM89NBU9
Printing Embedding image d:\Robocorp\Certification_level_2_Robocorp\order-processing-robot\image_files\RSB-ROBO-ORDER-HTM89NBU9.png in pdf file d:\Robocorp\Certification_level_2_Robocorp\order-processing-robot\pdf_files\RSB-ROBO-ORDER-HTM89NBU9.pdf
Capturing Screenshot to d:\Robocorp\Certification_level_2_Robocorp\order-processing-robot\image_files\RSB-ROBO-ORDER-13YUHSLLPJ.png
Printing RSB-ROBO-ORDER-13YUHSLLPJ
Printing Embedding image d:\Robocorp\Certification_level_2_Robocorp\order-processing-robot\image_files\RSB-ROBO-ORDER-13YUHSLLPJ.png in pdf file d:\Robocorp\Certification_level_2_Robocorp\order-processing-robot\pdf_files\RSB-ROBO-ORDER-13YUHSLLPJ.pdf
Capturing Screenshot to d:\Robocorp\Certification_level_2_Robocorp\order-processing-robot\image_files\RSB-ROBO-ORDER-WAPNJM30FD.png
Printing RSB-ROBO-ORDER-WAPNJM30FD
Printing Embedding image d:\Robocorp\Certification_level_2_Robocorp\order-processing-robot\image_files\RSB-ROBO-ORDER-WAPNJM30FD.png in pdf file d:\Robocorp\Certification_level_2_Robocorp\order-processing-robot\pdf_files\RSB-ROBO-ORDER-WAPNJM30FD.pdf
Capturing Screenshot to d:\Robocorp\Certification_level_2_Robocorp\order-processing-robot\image_files\RSB-ROBO-ORDER-N1NSD79PAC.png
Printing RSB-ROBO-ORDER-N1NSD79PAC
Printing Embedding image d:\Robocorp\Certification_level_2_Robocorp\order-processing-robot\image_files\RSB-ROBO-ORDER-N1NSD79PAC.png in pdf file d:\Robocorp\Certification_level_2_Robocorp\order-processing-robot\pdf_files\RSB-ROBO-ORDER-N1NSD79PAC.pdf
Capturing Screenshot to d:\Robocorp\Certification_level_2_Robocorp\order-processing-robot\image_files\RSB-ROBO-ORDER-LKVV3UE1YG.png
Printing RSB-ROBO-ORDER-LKVV3UE1YG
Printing Embedding image d:\Robocorp\Certification_level_2_Robocorp\order-processing-robot\image_files\RSB-ROBO-ORDER-LKVV3UE1YG.png in pdf file d:\Robocorp\Certification_level_2_Robocorp\order-processing-robot\pdf_files\RSB-ROBO-ORDER-LKVV3UE1YG.pdf
Capturing Screenshot to d:\Robocorp\Certification_level_2_Robocorp\order-processing-robot\image_files\RSB-ROBO-ORDER-OYLNAM5EP9.png
Printing RSB-ROBO-ORDER-OYLNAM5EP9
Printing Embedding image d:\Robocorp\Certification_level_2_Robocorp\order-processing-robot\image_files\RSB-ROBO-ORDER-OYLNAM5EP9.png in pdf file d:\Robocorp\Certification_level_2_Robocorp\order-processing-robot\pdf_files\RSB-ROBO-ORDER-OYLNAM5EP9.pdf
Capturing Screenshot to d:\Robocorp\Certification_level_2_Robocorp\order-processing-robot\image_files\RSB-ROBO-ORDER-DY5YGFBKPB.png
Printing RSB-ROBO-ORDER-DY5YGFBKPB
Printing Embedding image d:\Robocorp\Certification_level_2_Robocorp\order-processing-robot\image_files\RSB-ROBO-ORDER-DY5YGFBKPB.png in pdf file d:\Robocorp\Certification_level_2_Robocorp\order-processing-robot\pdf_files\RSB-ROBO-ORDER-DY5YGFBKPB.pdf
Capturing Screenshot to d:\Robocorp\Certification_level_2_Robocorp\order-processing-robot\image_files\RSB-ROBO-ORDER-QT7UVET5JV.png
Printing RSB-ROBO-ORDER-QT7UVET5JV
Printing Embedding image d:\Robocorp\Certification_level_2_Robocorp\order-processing-robot\image_files\RSB-ROBO-ORDER-QT7UVET5JV.png in pdf file d:\Robocorp\Certification_level_2_Robocorp\order-processing-robot\pdf_files\RSB-ROBO-ORDER-QT7UVET5JV.pdf
| PASS |
------------------------------------------------------------------------------
Tasks :: Orders robots from RobotSpareBin Industries Inc. Saves th... | PASS |
1 test, 1 passed, 0 failed
==============================================================================
Output:  d:\Robocorp\Certification_level_2_Robocorp\order-processing-robot\output\output.xml
Log:     d:\Robocorp\Certification_level_2_Robocorp\order-processing-robot\output\log.html
